2023-03-24 12:39:17,191 INFO o.a.j.u.JMeterUtils: Setting Locale to en_EN
2023-03-24 12:39:17,207 INFO o.a.j.JMeter: Loading user properties from: /Users/tom/Uni/heterogeneous-faas/jmeter/bin/user.properties
2023-03-24 12:39:17,208 INFO o.a.j.JMeter: Loading system properties from: /Users/tom/Uni/heterogeneous-faas/jmeter/bin/system.properties
2023-03-24 12:39:17,211 INFO o.a.j.JMeter: Copyright (c) 1998-2022 The Apache Software Foundation
2023-03-24 12:39:17,211 INFO o.a.j.JMeter: Version 5.5
2023-03-24 12:39:17,211 INFO o.a.j.JMeter: java.version=19.0.2
2023-03-24 12:39:17,211 INFO o.a.j.JMeter: java.vm.name=OpenJDK 64-Bit Server VM
2023-03-24 12:39:17,211 INFO o.a.j.JMeter: os.name=Mac OS X
2023-03-24 12:39:17,211 INFO o.a.j.JMeter: os.arch=aarch64
2023-03-24 12:39:17,211 INFO o.a.j.JMeter: os.version=13.2.1
2023-03-24 12:39:17,211 INFO o.a.j.JMeter: file.encoding=UTF-8
2023-03-24 12:39:17,211 INFO o.a.j.JMeter: java.awt.headless=null
2023-03-24 12:39:17,211 INFO o.a.j.JMeter: Max memory     =1073741824
2023-03-24 12:39:17,211 INFO o.a.j.JMeter: Available Processors =8
2023-03-24 12:39:17,217 INFO o.a.j.JMeter: Default Locale=English (EN)
2023-03-24 12:39:17,217 INFO o.a.j.JMeter: JMeter  Locale=English (EN)
2023-03-24 12:39:17,217 INFO o.a.j.JMeter: JMeterHome=/Users/tom/Uni/heterogeneous-faas/jmeter
2023-03-24 12:39:17,217 INFO o.a.j.JMeter: user.dir  =/Users/tom/Uni/heterogeneous-faas/jmeter
2023-03-24 12:39:17,217 INFO o.a.j.JMeter: PWD       =/Users/tom/Uni/heterogeneous-faas/jmeter
2023-03-24 12:39:17,236 INFO o.a.j.JMeter: IP: 192.168.0.20 Name: Toms-MacBook-Pro-2.local FullName: 192.168.0.20
2023-03-24 12:39:17,242 INFO o.a.j.JMeter: Loaded icon properties from org/apache/jmeter/images/icon.properties
2023-03-24 12:39:17,617 INFO o.a.j.JMeterGuiLauncher: Setting LAF to: com.github.weisj.darklaf.DarkLaf:com.github.weisj.darklaf.theme.DarculaTheme
2023-03-24 12:39:23,640 INFO o.a.j.s.FileServer: Default base='/Users/tom/Uni/heterogeneous-faas/jmeter'
2023-03-24 12:39:23,642 INFO o.a.j.g.a.Load: Loading file: /Users/tom/Uni/heterogeneous-faas/jmeter/test-plans/Create Functions.jmx
2023-03-24 12:39:23,642 INFO o.a.j.s.FileServer: Set new base='/Users/tom/Uni/heterogeneous-faas/jmeter/test-plans'
2023-03-24 12:39:23,741 INFO o.a.j.s.SaveService: Testplan (JMX) version: 2.2. Testlog (JTL) version: 2.2
2023-03-24 12:39:23,753 INFO o.a.j.s.SaveService: Using SaveService properties version 5.0
2023-03-24 12:39:23,754 INFO o.a.j.s.SaveService: Using SaveService properties file encoding UTF-8
2023-03-24 12:39:23,754 INFO o.a.j.s.SaveService: Loading file: /Users/tom/Uni/heterogeneous-faas/jmeter/test-plans/Create Functions.jmx
2023-03-24 12:39:23,771 INFO o.a.j.p.h.s.HTTPSamplerBase: Parser for text/html is org.apache.jmeter.protocol.http.parser.LagartoBasedHtmlParser
2023-03-24 12:39:23,771 INFO o.a.j.p.h.s.HTTPSamplerBase: Parser for application/xhtml+xml is org.apache.jmeter.protocol.http.parser.LagartoBasedHtmlParser
2023-03-24 12:39:23,771 INFO o.a.j.p.h.s.HTTPSamplerBase: Parser for application/xml is org.apache.jmeter.protocol.http.parser.LagartoBasedHtmlParser
2023-03-24 12:39:23,771 INFO o.a.j.p.h.s.HTTPSamplerBase: Parser for text/xml is org.apache.jmeter.protocol.http.parser.LagartoBasedHtmlParser
2023-03-24 12:39:23,771 INFO o.a.j.p.h.s.HTTPSamplerBase: Parser for text/vnd.wap.wml is org.apache.jmeter.protocol.http.parser.RegexpHTMLParser
2023-03-24 12:39:23,771 INFO o.a.j.p.h.s.HTTPSamplerBase: Parser for text/css is org.apache.jmeter.protocol.http.parser.CssParser
2023-03-24 12:39:23,791 INFO o.a.j.s.SampleResult: Note: Sample TimeStamps are START times
2023-03-24 12:39:23,791 INFO o.a.j.s.SampleResult: sampleresult.default.encoding is set to ISO-8859-1
2023-03-24 12:39:23,791 INFO o.a.j.s.SampleResult: sampleresult.useNanoTime=true
2023-03-24 12:39:23,791 INFO o.a.j.s.SampleResult: sampleresult.nanoThreadSleep=5000
2023-03-24 12:39:23,868 INFO o.a.j.v.ViewResultsFullVisualizer: Add JavaFX to your Java installation if you want to use renderer: org.apache.jmeter.visualizers.RenderInBrowser
2023-03-24 12:39:24,004 INFO o.a.j.s.FileServer: Set new base='/Users/tom/Uni/heterogeneous-faas/jmeter/test-plans'
2023-03-24 12:39:59,381 INFO o.a.j.e.StandardJMeterEngine: Running the test!
2023-03-24 12:39:59,381 INFO o.a.j.s.SampleEvent: List of sample_variables: []
2023-03-24 12:39:59,381 INFO o.a.j.s.SampleEvent: List of sample_variables: []
2023-03-24 12:39:59,382 INFO o.a.j.e.u.CompoundVariable: Note: Function class names must contain the string: '.functions.'
2023-03-24 12:39:59,382 INFO o.a.j.e.u.CompoundVariable: Note: Function class names must not contain the string: '.gui.'
2023-03-24 12:39:59,408 INFO o.a.j.g.u.JMeterMenuBar: setRunning(true, *local*)
2023-03-24 12:39:59,450 INFO o.a.j.e.StandardJMeterEngine: Starting ThreadGroup: 1 : p00002
2023-03-24 12:39:59,450 INFO o.a.j.e.StandardJMeterEngine: Starting 1 threads for group p00002.
2023-03-24 12:39:59,450 INFO o.a.j.e.StandardJMeterEngine: Thread will stop on error
2023-03-24 12:39:59,450 INFO o.a.j.t.ThreadGroup: Starting thread group... number=1 threads=1 ramp-up=1 delayedStart=false
2023-03-24 12:39:59,451 INFO o.a.j.t.ThreadGroup: Started thread group number 1
2023-03-24 12:39:59,451 INFO o.a.j.e.StandardJMeterEngine: All thread groups have been started
2023-03-24 12:39:59,452 INFO o.a.j.t.JMeterThread: Thread started: p00002 1-1
2023-03-24 12:39:59,461 INFO o.a.j.p.h.s.HTTPHCAbstractImpl: Local host = Toms-MacBook-Pro-2.local
2023-03-24 12:39:59,465 INFO o.a.j.p.h.s.HTTPHC4Impl: HTTP request retry count = 0
2023-03-24 12:40:01,840 INFO o.a.j.t.JMeterThread: Stop Thread detected by thread: p00002 1-1
2023-03-24 12:40:01,841 INFO o.a.j.t.JMeterThread: Thread finished: p00002 1-1
2023-03-24 12:40:01,848 INFO o.a.j.e.StandardJMeterEngine: Notifying test listeners of end of test
2023-03-24 12:40:01,848 INFO o.a.j.g.u.JMeterMenuBar: setRunning(false, *local*)
2023-03-24 12:40:54,607 INFO o.a.j.e.StandardJMeterEngine: Running the test!
2023-03-24 12:40:54,608 INFO o.a.j.s.SampleEvent: List of sample_variables: []
2023-03-24 12:40:54,610 INFO o.a.j.g.u.JMeterMenuBar: setRunning(true, *local*)
2023-03-24 12:40:54,645 INFO o.a.j.e.StandardJMeterEngine: Starting ThreadGroup: 1 : p00002
2023-03-24 12:40:54,645 INFO o.a.j.e.StandardJMeterEngine: Starting 1 threads for group p00002.
2023-03-24 12:40:54,645 INFO o.a.j.e.StandardJMeterEngine: Thread will stop on error
2023-03-24 12:40:54,645 INFO o.a.j.t.ThreadGroup: Starting thread group... number=1 threads=1 ramp-up=1 delayedStart=false
2023-03-24 12:40:54,646 INFO o.a.j.t.ThreadGroup: Started thread group number 1
2023-03-24 12:40:54,646 INFO o.a.j.e.StandardJMeterEngine: All thread groups have been started
2023-03-24 12:40:54,647 INFO o.a.j.t.JMeterThread: Thread started: p00002 1-1
2023-03-24 12:40:56,881 INFO o.a.j.t.JMeterThread: Stop Thread detected by thread: p00002 1-1
2023-03-24 12:40:56,881 INFO o.a.j.t.JMeterThread: Thread finished: p00002 1-1
2023-03-24 12:40:56,882 INFO o.a.j.e.StandardJMeterEngine: Notifying test listeners of end of test
2023-03-24 12:40:56,882 INFO o.a.j.g.u.JMeterMenuBar: setRunning(false, *local*)
2023-03-24 12:42:36,692 INFO o.a.j.e.StandardJMeterEngine: Running the test!
2023-03-24 12:42:36,693 INFO o.a.j.s.SampleEvent: List of sample_variables: []
2023-03-24 12:42:36,696 INFO o.a.j.g.u.JMeterMenuBar: setRunning(true, *local*)
2023-03-24 12:42:36,727 INFO o.a.j.e.StandardJMeterEngine: Starting ThreadGroup: 1 : p00002
2023-03-24 12:42:36,727 INFO o.a.j.e.StandardJMeterEngine: Starting 1 threads for group p00002.
2023-03-24 12:42:36,727 INFO o.a.j.e.StandardJMeterEngine: Thread will stop on error
2023-03-24 12:42:36,727 INFO o.a.j.t.ThreadGroup: Starting thread group... number=1 threads=1 ramp-up=1 delayedStart=false
2023-03-24 12:42:36,728 INFO o.a.j.t.ThreadGroup: Started thread group number 1
2023-03-24 12:42:36,728 INFO o.a.j.e.StandardJMeterEngine: All thread groups have been started
2023-03-24 12:42:36,728 INFO o.a.j.t.JMeterThread: Thread started: p00002 1-1
2023-03-24 12:42:39,259 INFO o.a.j.t.JMeterThread: Stop Thread detected by thread: p00002 1-1
2023-03-24 12:42:39,259 INFO o.a.j.t.JMeterThread: Thread finished: p00002 1-1
2023-03-24 12:42:39,260 INFO o.a.j.e.StandardJMeterEngine: Notifying test listeners of end of test
2023-03-24 12:42:39,260 INFO o.a.j.g.u.JMeterMenuBar: setRunning(false, *local*)
2023-03-24 12:43:04,400 INFO o.a.j.e.StandardJMeterEngine: Running the test!
2023-03-24 12:43:04,401 INFO o.a.j.s.SampleEvent: List of sample_variables: []
2023-03-24 12:43:04,403 INFO o.a.j.g.u.JMeterMenuBar: setRunning(true, *local*)
2023-03-24 12:43:04,436 INFO o.a.j.e.StandardJMeterEngine: Starting ThreadGroup: 1 : p00002
2023-03-24 12:43:04,436 INFO o.a.j.e.StandardJMeterEngine: Starting 1 threads for group p00002.
2023-03-24 12:43:04,437 INFO o.a.j.e.StandardJMeterEngine: Thread will stop on error
2023-03-24 12:43:04,437 INFO o.a.j.t.ThreadGroup: Starting thread group... number=1 threads=1 ramp-up=1 delayedStart=false
2023-03-24 12:43:04,437 INFO o.a.j.t.ThreadGroup: Started thread group number 1
2023-03-24 12:43:04,437 INFO o.a.j.e.StandardJMeterEngine: All thread groups have been started
2023-03-24 12:43:04,437 INFO o.a.j.t.JMeterThread: Thread started: p00002 1-1
2023-03-24 12:43:24,612 INFO o.a.j.t.JMeterThread: Stop Thread detected by thread: p00002 1-1
2023-03-24 12:43:24,613 INFO o.a.j.t.JMeterThread: Thread finished: p00002 1-1
2023-03-24 12:43:24,614 INFO o.a.j.e.StandardJMeterEngine: Notifying test listeners of end of test
2023-03-24 12:43:24,615 INFO o.a.j.g.u.JMeterMenuBar: setRunning(false, *local*)
2023-03-24 12:44:00,869 INFO o.a.j.e.StandardJMeterEngine: Running the test!
2023-03-24 12:44:00,870 INFO o.a.j.s.SampleEvent: List of sample_variables: []
2023-03-24 12:44:00,872 INFO o.a.j.g.u.JMeterMenuBar: setRunning(true, *local*)
2023-03-24 12:44:00,905 INFO o.a.j.e.StandardJMeterEngine: Starting ThreadGroup: 1 : p00002
2023-03-24 12:44:00,906 INFO o.a.j.e.StandardJMeterEngine: Starting 1 threads for group p00002.
2023-03-24 12:44:00,906 INFO o.a.j.e.StandardJMeterEngine: Thread will stop on error
2023-03-24 12:44:00,906 INFO o.a.j.t.ThreadGroup: Starting thread group... number=1 threads=1 ramp-up=1 delayedStart=false
2023-03-24 12:44:00,909 INFO o.a.j.t.ThreadGroup: Started thread group number 1
2023-03-24 12:44:00,909 INFO o.a.j.e.StandardJMeterEngine: All thread groups have been started
2023-03-24 12:44:00,909 INFO o.a.j.t.JMeterThread: Thread started: p00002 1-1
2023-03-24 12:44:25,162 INFO o.a.j.t.JMeterThread: Stop Thread detected by thread: p00002 1-1
2023-03-24 12:44:25,163 INFO o.a.j.t.JMeterThread: Thread finished: p00002 1-1
2023-03-24 12:44:25,164 INFO o.a.j.e.StandardJMeterEngine: Notifying test listeners of end of test
2023-03-24 12:44:25,164 INFO o.a.j.g.u.JMeterMenuBar: setRunning(false, *local*)
2023-03-24 12:46:27,990 INFO o.a.j.e.StandardJMeterEngine: Running the test!
2023-03-24 12:46:27,991 INFO o.a.j.s.SampleEvent: List of sample_variables: []
2023-03-24 12:46:27,993 INFO o.a.j.g.u.JMeterMenuBar: setRunning(true, *local*)
2023-03-24 12:46:28,045 INFO o.a.j.e.StandardJMeterEngine: Starting ThreadGroup: 1 : p00002
2023-03-24 12:46:28,045 INFO o.a.j.e.StandardJMeterEngine: Starting 1 threads for group p00002.
2023-03-24 12:46:28,045 INFO o.a.j.e.StandardJMeterEngine: Thread will stop on error
2023-03-24 12:46:28,045 INFO o.a.j.t.ThreadGroup: Starting thread group... number=1 threads=1 ramp-up=1 delayedStart=false
2023-03-24 12:46:28,045 INFO o.a.j.t.ThreadGroup: Started thread group number 1
2023-03-24 12:46:28,045 INFO o.a.j.e.StandardJMeterEngine: All thread groups have been started
2023-03-24 12:46:28,046 INFO o.a.j.t.JMeterThread: Thread started: p00002 1-1
2023-03-24 13:00:30,263 INFO o.a.j.t.JMeterThread: Thread is done: p00002 1-1
2023-03-24 13:00:30,266 INFO o.a.j.t.JMeterThread: Thread finished: p00002 1-1
2023-03-24 13:00:30,271 INFO o.a.j.e.StandardJMeterEngine: Notifying test listeners of end of test
2023-03-24 13:00:30,272 INFO o.a.j.g.u.JMeterMenuBar: setRunning(false, *local*)
2023-03-24 13:05:57,351 INFO o.a.j.v.ViewResultsFullVisualizer: Add JavaFX to your Java installation if you want to use renderer: org.apache.jmeter.visualizers.RenderInBrowser
2023-03-24 13:05:57,379 INFO o.a.j.g.a.Load: Loading file: /Users/tom/Uni/heterogeneous-faas/jmeter/test-plans/Invoke Functions.jmx
2023-03-24 13:05:57,379 INFO o.a.j.s.FileServer: Set new base='/Users/tom/Uni/heterogeneous-faas/jmeter/test-plans'
2023-03-24 13:05:57,379 INFO o.a.j.s.SaveService: Loading file: /Users/tom/Uni/heterogeneous-faas/jmeter/test-plans/Invoke Functions.jmx
2023-03-24 13:05:57,399 INFO o.a.j.v.ViewResultsFullVisualizer: Add JavaFX to your Java installation if you want to use renderer: org.apache.jmeter.visualizers.RenderInBrowser
2023-03-24 13:05:57,451 INFO o.a.j.s.FileServer: Set new base='/Users/tom/Uni/heterogeneous-faas/jmeter/test-plans'
2023-03-24 13:06:06,736 INFO o.a.j.e.StandardJMeterEngine: Running the test!
2023-03-24 13:06:06,737 INFO o.a.j.s.SampleEvent: List of sample_variables: []
2023-03-24 13:06:06,741 INFO o.a.j.g.u.JMeterMenuBar: setRunning(true, *local*)
2023-03-24 13:06:06,781 INFO o.a.j.e.StandardJMeterEngine: Starting ThreadGroup: 1 : p00002
2023-03-24 13:06:06,782 INFO o.a.j.e.StandardJMeterEngine: Starting 1 threads for group p00002.
2023-03-24 13:06:06,782 INFO o.a.j.e.StandardJMeterEngine: Thread will continue on error
2023-03-24 13:06:06,782 INFO o.a.j.t.ThreadGroup: Starting thread group... number=1 threads=1 ramp-up=1 delayedStart=false
2023-03-24 13:06:06,782 INFO o.a.j.t.ThreadGroup: Started thread group number 1
2023-03-24 13:06:06,782 INFO o.a.j.e.StandardJMeterEngine: All thread groups have been started
2023-03-24 13:06:06,782 INFO o.a.j.t.JMeterThread: Thread started: p00002 1-1
2023-03-24 13:08:42,334 INFO o.a.j.t.JMeterThread: Thread is done: p00002 1-1
2023-03-24 13:08:42,335 INFO o.a.j.t.JMeterThread: Thread finished: p00002 1-1
2023-03-24 13:08:42,336 INFO o.a.j.e.StandardJMeterEngine: Notifying test listeners of end of test
2023-03-24 13:08:42,336 INFO o.a.j.g.u.JMeterMenuBar: setRunning(false, *local*)
2023-03-24 13:22:46,844 INFO o.a.j.g.a.Load: Loading file: /Users/tom/Uni/heterogeneous-faas/jmeter/test-plans/Create Functions.jmx
2023-03-24 13:22:46,844 INFO o.a.j.s.FileServer: Set new base='/Users/tom/Uni/heterogeneous-faas/jmeter/test-plans'
2023-03-24 13:22:46,845 INFO o.a.j.s.SaveService: Loading file: /Users/tom/Uni/heterogeneous-faas/jmeter/test-plans/Create Functions.jmx
2023-03-24 13:22:46,865 INFO o.a.j.v.ViewResultsFullVisualizer: Add JavaFX to your Java installation if you want to use renderer: org.apache.jmeter.visualizers.RenderInBrowser
2023-03-24 13:22:46,903 INFO o.a.j.s.FileServer: Set new base='/Users/tom/Uni/heterogeneous-faas/jmeter/test-plans'
2023-03-24 13:24:00,847 INFO o.a.j.e.StandardJMeterEngine: Running the test!
2023-03-24 13:24:00,848 INFO o.a.j.s.SampleEvent: List of sample_variables: []
2023-03-24 13:24:00,850 INFO o.a.j.g.u.JMeterMenuBar: setRunning(true, *local*)
2023-03-24 13:24:00,898 INFO o.a.j.e.StandardJMeterEngine: Starting ThreadGroup: 1 : p00002
2023-03-24 13:24:00,898 INFO o.a.j.e.StandardJMeterEngine: Starting 1 threads for group p00002.
2023-03-24 13:24:00,898 INFO o.a.j.e.StandardJMeterEngine: Thread will stop on error
2023-03-24 13:24:00,898 INFO o.a.j.t.ThreadGroup: Starting thread group... number=1 threads=1 ramp-up=1 delayedStart=false
2023-03-24 13:24:00,898 INFO o.a.j.t.ThreadGroup: Started thread group number 1
2023-03-24 13:24:00,898 INFO o.a.j.e.StandardJMeterEngine: All thread groups have been started
2023-03-24 13:24:00,899 INFO o.a.j.t.JMeterThread: Thread started: p00002 1-1
2023-03-24 13:24:00,904 INFO o.a.j.t.JMeterThread: Stop Thread detected by thread: p00002 1-1
2023-03-24 13:24:00,904 INFO o.a.j.t.JMeterThread: Thread finished: p00002 1-1
2023-03-24 13:24:00,904 INFO o.a.j.e.StandardJMeterEngine: Notifying test listeners of end of test
2023-03-24 13:24:00,904 INFO o.a.j.g.u.JMeterMenuBar: setRunning(false, *local*)
2023-03-24 13:24:09,831 INFO o.a.j.e.StandardJMeterEngine: Running the test!
2023-03-24 13:24:09,832 INFO o.a.j.s.SampleEvent: List of sample_variables: []
2023-03-24 13:24:09,834 INFO o.a.j.g.u.JMeterMenuBar: setRunning(true, *local*)
2023-03-24 13:24:09,873 INFO o.a.j.e.StandardJMeterEngine: Starting ThreadGroup: 1 : p00002
2023-03-24 13:24:09,873 INFO o.a.j.e.StandardJMeterEngine: Starting 1 threads for group p00002.
2023-03-24 13:24:09,873 INFO o.a.j.e.StandardJMeterEngine: Thread will stop on error
2023-03-24 13:24:09,873 INFO o.a.j.t.ThreadGroup: Starting thread group... number=1 threads=1 ramp-up=1 delayedStart=false
2023-03-24 13:24:09,873 INFO o.a.j.t.ThreadGroup: Started thread group number 1
2023-03-24 13:24:09,874 INFO o.a.j.e.StandardJMeterEngine: All thread groups have been started
2023-03-24 13:24:09,874 INFO o.a.j.t.JMeterThread: Thread started: p00002 1-1
2023-03-24 13:39:06,567 INFO o.a.j.t.JMeterThread: Thread is done: p00002 1-1
2023-03-24 13:39:06,573 INFO o.a.j.t.JMeterThread: Thread finished: p00002 1-1
2023-03-24 13:39:06,578 INFO o.a.j.e.StandardJMeterEngine: Notifying test listeners of end of test
2023-03-24 13:39:06,580 INFO o.a.j.g.u.JMeterMenuBar: setRunning(false, *local*)
2023-03-24 13:52:49,280 INFO o.a.j.v.ViewResultsFullVisualizer: Add JavaFX to your Java installation if you want to use renderer: org.apache.jmeter.visualizers.RenderInBrowser
2023-03-24 13:52:49,300 INFO o.a.j.g.a.Load: Loading file: /Users/tom/Uni/heterogeneous-faas/jmeter/test-plans/Invoke Functions.jmx
2023-03-24 13:52:49,300 INFO o.a.j.s.FileServer: Set new base='/Users/tom/Uni/heterogeneous-faas/jmeter/test-plans'
2023-03-24 13:52:49,300 INFO o.a.j.s.SaveService: Loading file: /Users/tom/Uni/heterogeneous-faas/jmeter/test-plans/Invoke Functions.jmx
2023-03-24 13:52:49,314 INFO o.a.j.v.ViewResultsFullVisualizer: Add JavaFX to your Java installation if you want to use renderer: org.apache.jmeter.visualizers.RenderInBrowser
2023-03-24 13:52:49,365 INFO o.a.j.s.FileServer: Set new base='/Users/tom/Uni/heterogeneous-faas/jmeter/test-plans'
2023-03-24 13:52:54,628 INFO o.a.j.e.StandardJMeterEngine: Running the test!
2023-03-24 13:52:54,629 INFO o.a.j.s.SampleEvent: List of sample_variables: []
2023-03-24 13:52:54,634 INFO o.a.j.g.u.JMeterMenuBar: setRunning(true, *local*)
2023-03-24 13:52:54,680 INFO o.a.j.e.StandardJMeterEngine: Starting ThreadGroup: 1 : p00002
2023-03-24 13:52:54,680 INFO o.a.j.e.StandardJMeterEngine: Starting 1 threads for group p00002.
2023-03-24 13:52:54,680 INFO o.a.j.e.StandardJMeterEngine: Thread will continue on error
2023-03-24 13:52:54,680 INFO o.a.j.t.ThreadGroup: Starting thread group... number=1 threads=1 ramp-up=1 delayedStart=false
2023-03-24 13:52:54,681 INFO o.a.j.t.ThreadGroup: Started thread group number 1
2023-03-24 13:52:54,681 INFO o.a.j.e.StandardJMeterEngine: All thread groups have been started
2023-03-24 13:52:54,681 INFO o.a.j.t.JMeterThread: Thread started: p00002 1-1
2023-03-24 13:56:31,516 INFO o.a.j.t.JMeterThread: Thread is done: p00002 1-1
2023-03-24 13:56:31,523 INFO o.a.j.t.JMeterThread: Thread finished: p00002 1-1
2023-03-24 13:56:31,526 INFO o.a.j.e.StandardJMeterEngine: Notifying test listeners of end of test
2023-03-24 13:56:31,527 INFO o.a.j.g.u.JMeterMenuBar: setRunning(false, *local*)
2023-03-24 14:00:02,362 INFO o.a.j.e.StandardJMeterEngine: Running the test!
2023-03-24 14:00:02,366 INFO o.a.j.s.SampleEvent: List of sample_variables: []
2023-03-24 14:00:02,370 INFO o.a.j.g.u.JMeterMenuBar: setRunning(true, *local*)
2023-03-24 14:00:02,445 INFO o.a.j.e.StandardJMeterEngine: Starting ThreadGroup: 1 : p00002 (s183822835)
2023-03-24 14:00:02,445 INFO o.a.j.e.StandardJMeterEngine: Starting 1 threads for group p00002 (s183822835).
2023-03-24 14:00:02,445 INFO o.a.j.e.StandardJMeterEngine: Thread will continue on error
2023-03-24 14:00:02,445 INFO o.a.j.t.ThreadGroup: Starting thread group... number=1 threads=1 ramp-up=1 delayedStart=false
2023-03-24 14:00:02,446 INFO o.a.j.t.ThreadGroup: Started thread group number 1
2023-03-24 14:00:02,447 INFO o.a.j.e.StandardJMeterEngine: All thread groups have been started
2023-03-24 14:00:02,447 INFO o.a.j.t.JMeterThread: Thread started: p00002 (s183822835) 1-1
2023-03-24 14:02:15,768 INFO o.a.j.t.JMeterThread: Thread is done: p00002 (s183822835) 1-1
2023-03-24 14:02:15,769 INFO o.a.j.t.JMeterThread: Thread finished: p00002 (s183822835) 1-1
2023-03-24 14:02:15,770 INFO o.a.j.e.StandardJMeterEngine: Notifying test listeners of end of test
2023-03-24 14:02:15,770 INFO o.a.j.g.u.JMeterMenuBar: setRunning(false, *local*)
2023-03-24 14:02:38,082 INFO o.a.j.e.StandardJMeterEngine: Running the test!
2023-03-24 14:02:38,083 INFO o.a.j.s.SampleEvent: List of sample_variables: []
2023-03-24 14:02:38,087 INFO o.a.j.g.u.JMeterMenuBar: setRunning(true, *local*)
2023-03-24 14:02:38,162 INFO o.a.j.e.StandardJMeterEngine: Starting ThreadGroup: 1 : p00002 (s580598280)
2023-03-24 14:02:38,163 INFO o.a.j.e.StandardJMeterEngine: Starting 1 threads for group p00002 (s580598280).
2023-03-24 14:02:38,163 INFO o.a.j.e.StandardJMeterEngine: Thread will continue on error
2023-03-24 14:02:38,163 INFO o.a.j.t.ThreadGroup: Starting thread group... number=1 threads=1 ramp-up=1 delayedStart=false
2023-03-24 14:02:38,163 INFO o.a.j.t.ThreadGroup: Started thread group number 1
2023-03-24 14:02:38,163 INFO o.a.j.e.StandardJMeterEngine: All thread groups have been started
2023-03-24 14:02:38,163 INFO o.a.j.t.JMeterThread: Thread started: p00002 (s580598280) 1-1
2023-03-24 14:04:51,986 INFO o.a.j.t.JMeterThread: Thread is done: p00002 (s580598280) 1-1
2023-03-24 14:04:51,987 INFO o.a.j.t.JMeterThread: Thread finished: p00002 (s580598280) 1-1
2023-03-24 14:04:51,988 INFO o.a.j.e.StandardJMeterEngine: Notifying test listeners of end of test
2023-03-24 14:04:51,989 INFO o.a.j.g.u.JMeterMenuBar: setRunning(false, *local*)
2023-03-24 14:05:14,409 INFO o.a.j.e.StandardJMeterEngine: Running the test!
2023-03-24 14:05:14,410 INFO o.a.j.s.SampleEvent: List of sample_variables: []
2023-03-24 14:05:14,414 INFO o.a.j.g.u.JMeterMenuBar: setRunning(true, *local*)
2023-03-24 14:05:14,490 INFO o.a.j.e.StandardJMeterEngine: Starting ThreadGroup: 1 : p00002 (s991506133)
2023-03-24 14:05:14,490 INFO o.a.j.e.StandardJMeterEngine: Starting 1 threads for group p00002 (s991506133).
2023-03-24 14:05:14,491 INFO o.a.j.e.StandardJMeterEngine: Thread will continue on error
2023-03-24 14:05:14,491 INFO o.a.j.t.ThreadGroup: Starting thread group... number=1 threads=1 ramp-up=1 delayedStart=false
2023-03-24 14:05:14,491 INFO o.a.j.t.ThreadGroup: Started thread group number 1
2023-03-24 14:05:14,491 INFO o.a.j.e.StandardJMeterEngine: All thread groups have been started
2023-03-24 14:05:14,491 INFO o.a.j.t.JMeterThread: Thread started: p00002 (s991506133) 1-1
2023-03-24 14:07:34,333 INFO o.a.j.t.JMeterThread: Thread is done: p00002 (s991506133) 1-1
2023-03-24 14:07:34,334 INFO o.a.j.t.JMeterThread: Thread finished: p00002 (s991506133) 1-1
2023-03-24 14:07:34,338 INFO o.a.j.e.StandardJMeterEngine: Notifying test listeners of end of test
2023-03-24 14:07:34,338 INFO o.a.j.g.u.JMeterMenuBar: setRunning(false, *local*)
2023-03-24 14:08:00,030 INFO o.a.j.e.StandardJMeterEngine: Running the test!
2023-03-24 14:08:00,035 INFO o.a.j.s.SampleEvent: List of sample_variables: []
2023-03-24 14:08:00,040 INFO o.a.j.g.u.JMeterMenuBar: setRunning(true, *local*)
2023-03-24 14:08:00,095 INFO o.a.j.e.StandardJMeterEngine: Starting ThreadGroup: 1 : p00002 (s995239498)
2023-03-24 14:08:00,096 INFO o.a.j.e.StandardJMeterEngine: Starting 1 threads for group p00002 (s995239498).
2023-03-24 14:08:00,096 INFO o.a.j.e.StandardJMeterEngine: Thread will continue on error
2023-03-24 14:08:00,096 INFO o.a.j.t.ThreadGroup: Starting thread group... number=1 threads=1 ramp-up=1 delayedStart=false
2023-03-24 14:08:00,096 INFO o.a.j.t.ThreadGroup: Started thread group number 1
2023-03-24 14:08:00,096 INFO o.a.j.e.StandardJMeterEngine: All thread groups have been started
2023-03-24 14:08:00,096 INFO o.a.j.t.JMeterThread: Thread started: p00002 (s995239498) 1-1
2023-03-24 14:10:07,045 INFO o.a.j.t.JMeterThread: Thread is done: p00002 (s995239498) 1-1
2023-03-24 14:10:07,048 INFO o.a.j.t.JMeterThread: Thread finished: p00002 (s995239498) 1-1
2023-03-24 14:10:07,051 INFO o.a.j.e.StandardJMeterEngine: Notifying test listeners of end of test
2023-03-24 14:10:07,054 INFO o.a.j.g.u.JMeterMenuBar: setRunning(false, *local*)
2023-03-24 15:50:23,360 INFO o.a.j.g.a.Load: Loading file: /Users/tom/Uni/heterogeneous-faas/jmeter/test-plans/Create Functions.jmx
2023-03-24 15:50:23,361 INFO o.a.j.s.FileServer: Set new base='/Users/tom/Uni/heterogeneous-faas/jmeter/test-plans'
2023-03-24 15:50:23,361 INFO o.a.j.s.SaveService: Loading file: /Users/tom/Uni/heterogeneous-faas/jmeter/test-plans/Create Functions.jmx
2023-03-24 15:50:23,385 INFO o.a.j.v.ViewResultsFullVisualizer: Add JavaFX to your Java installation if you want to use renderer: org.apache.jmeter.visualizers.RenderInBrowser
2023-03-24 15:50:23,424 INFO o.a.j.s.FileServer: Set new base='/Users/tom/Uni/heterogeneous-faas/jmeter/test-plans'
