2023-03-22 02:31:58,404 INFO o.a.j.u.JMeterUtils: Setting Locale to en_EN
2023-03-22 02:31:58,419 INFO o.a.j.JMeter: Loading user properties from: user.properties
2023-03-22 02:31:58,419 INFO o.a.j.JMeter: Loading system properties from: system.properties
2023-03-22 02:31:58,422 INFO o.a.j.JMeter: Copyright (c) 1998-2022 The Apache Software Foundation
2023-03-22 02:31:58,422 INFO o.a.j.JMeter: Version 5.5
2023-03-22 02:31:58,422 INFO o.a.j.JMeter: java.version=19.0.2
2023-03-22 02:31:58,422 INFO o.a.j.JMeter: java.vm.name=OpenJDK 64-Bit Server VM
2023-03-22 02:31:58,422 INFO o.a.j.JMeter: os.name=Mac OS X
2023-03-22 02:31:58,422 INFO o.a.j.JMeter: os.arch=aarch64
2023-03-22 02:31:58,422 INFO o.a.j.JMeter: os.version=13.2.1
2023-03-22 02:31:58,422 INFO o.a.j.JMeter: file.encoding=UTF-8
2023-03-22 02:31:58,423 INFO o.a.j.JMeter: java.awt.headless=null
2023-03-22 02:31:58,423 INFO o.a.j.JMeter: Max memory     =1073741824
2023-03-22 02:31:58,423 INFO o.a.j.JMeter: Available Processors =8
2023-03-22 02:31:58,429 INFO o.a.j.JMeter: Default Locale=English (EN)
2023-03-22 02:31:58,429 INFO o.a.j.JMeter: JMeter  Locale=English (EN)
2023-03-22 02:31:58,429 INFO o.a.j.JMeter: JMeterHome=/Users/tom/Uni/heterogeneous-faas/jmeter
2023-03-22 02:31:58,429 INFO o.a.j.JMeter: user.dir  =/Users/tom/Uni/heterogeneous-faas/jmeter/bin
2023-03-22 02:31:58,429 INFO o.a.j.JMeter: PWD       =/Users/tom/Uni/heterogeneous-faas/jmeter/bin
2023-03-22 02:31:58,447 INFO o.a.j.JMeter: IP: 192.168.0.20 Name: Toms-MacBook-Pro-2.local FullName: 192.168.0.20
2023-03-22 02:31:58,454 INFO o.a.j.JMeter: Loaded icon properties from org/apache/jmeter/images/icon.properties
2023-03-22 02:31:58,786 INFO o.a.j.JMeterGuiLauncher: Setting LAF to: com.github.weisj.darklaf.DarkLaf:com.github.weisj.darklaf.theme.DarculaTheme
2023-03-22 02:32:04,387 INFO o.a.j.s.FileServer: Default base='/Users/tom/Uni/heterogeneous-faas/jmeter/bin'
2023-03-22 02:32:04,389 INFO o.a.j.g.a.Load: Loading file: /Users/tom/Uni/heterogeneous-faas/jmeter/test-plans/Invoke Functions.jmx
2023-03-22 02:32:04,389 INFO o.a.j.s.FileServer: Set new base='/Users/tom/Uni/heterogeneous-faas/jmeter/test-plans'
2023-03-22 02:32:04,506 INFO o.a.j.s.SaveService: Testplan (JMX) version: 2.2. Testlog (JTL) version: 2.2
2023-03-22 02:32:04,520 INFO o.a.j.s.SaveService: Using SaveService properties version 5.0
2023-03-22 02:32:04,521 INFO o.a.j.s.SaveService: Using SaveService properties file encoding UTF-8
2023-03-22 02:32:04,521 INFO o.a.j.s.SaveService: Loading file: /Users/tom/Uni/heterogeneous-faas/jmeter/test-plans/Invoke Functions.jmx
2023-03-22 02:32:04,539 INFO o.a.j.p.h.s.HTTPSamplerBase: Parser for text/html is org.apache.jmeter.protocol.http.parser.LagartoBasedHtmlParser
2023-03-22 02:32:04,539 INFO o.a.j.p.h.s.HTTPSamplerBase: Parser for application/xhtml+xml is org.apache.jmeter.protocol.http.parser.LagartoBasedHtmlParser
2023-03-22 02:32:04,539 INFO o.a.j.p.h.s.HTTPSamplerBase: Parser for application/xml is org.apache.jmeter.protocol.http.parser.LagartoBasedHtmlParser
2023-03-22 02:32:04,539 INFO o.a.j.p.h.s.HTTPSamplerBase: Parser for text/xml is org.apache.jmeter.protocol.http.parser.LagartoBasedHtmlParser
2023-03-22 02:32:04,539 INFO o.a.j.p.h.s.HTTPSamplerBase: Parser for text/vnd.wap.wml is org.apache.jmeter.protocol.http.parser.RegexpHTMLParser
2023-03-22 02:32:04,539 INFO o.a.j.p.h.s.HTTPSamplerBase: Parser for text/css is org.apache.jmeter.protocol.http.parser.CssParser
2023-03-22 02:32:04,563 INFO o.a.j.s.SampleResult: Note: Sample TimeStamps are START times
2023-03-22 02:32:04,563 INFO o.a.j.s.SampleResult: sampleresult.default.encoding is set to ISO-8859-1
2023-03-22 02:32:04,563 INFO o.a.j.s.SampleResult: sampleresult.useNanoTime=true
2023-03-22 02:32:04,563 INFO o.a.j.s.SampleResult: sampleresult.nanoThreadSleep=5000
2023-03-22 02:32:04,640 INFO o.a.j.v.ViewResultsFullVisualizer: Add JavaFX to your Java installation if you want to use renderer: org.apache.jmeter.visualizers.RenderInBrowser
2023-03-22 02:32:04,746 INFO o.a.j.s.FileServer: Set new base='/Users/tom/Uni/heterogeneous-faas/jmeter/test-plans'
2023-03-22 02:37:02,790 INFO o.a.j.e.StandardJMeterEngine: Running the test!
2023-03-22 02:37:02,792 INFO o.a.j.s.SampleEvent: List of sample_variables: []
2023-03-22 02:37:02,792 INFO o.a.j.s.SampleEvent: List of sample_variables: []
2023-03-22 02:37:02,793 INFO o.a.j.e.u.CompoundVariable: Note: Function class names must contain the string: '.functions.'
2023-03-22 02:37:02,793 INFO o.a.j.e.u.CompoundVariable: Note: Function class names must not contain the string: '.gui.'
2023-03-22 02:37:02,826 INFO o.a.j.g.u.JMeterMenuBar: setRunning(true, *local*)
2023-03-22 02:37:02,856 INFO o.a.j.e.StandardJMeterEngine: Starting ThreadGroup: 1 : p00002
2023-03-22 02:37:02,857 INFO o.a.j.e.StandardJMeterEngine: Starting 1 threads for group p00002.
2023-03-22 02:37:02,857 INFO o.a.j.e.StandardJMeterEngine: Thread will continue on error
2023-03-22 02:37:02,857 INFO o.a.j.t.ThreadGroup: Starting thread group... number=1 threads=1 ramp-up=1 delayedStart=false
2023-03-22 02:37:02,858 INFO o.a.j.t.ThreadGroup: Started thread group number 1
2023-03-22 02:37:02,858 INFO o.a.j.e.StandardJMeterEngine: All thread groups have been started
2023-03-22 02:37:02,858 INFO o.a.j.t.JMeterThread: Thread started: p00002 1-1
2023-03-22 02:37:02,869 INFO o.a.j.p.h.s.HTTPHCAbstractImpl: Local host = Toms-MacBook-Pro-2.local
2023-03-22 02:37:02,874 INFO o.a.j.p.h.s.HTTPHC4Impl: HTTP request retry count = 0
2023-03-22 02:38:43,126 INFO o.a.j.t.JMeterThread: Thread is done: p00002 1-1
2023-03-22 02:38:43,128 INFO o.a.j.t.JMeterThread: Thread finished: p00002 1-1
2023-03-22 02:38:43,131 INFO o.a.j.e.StandardJMeterEngine: Notifying test listeners of end of test
2023-03-22 02:38:43,131 INFO o.a.j.g.u.JMeterMenuBar: setRunning(false, *local*)
2023-03-22 22:32:04,730 INFO o.a.j.g.a.Load: Loading file: /Users/tom/Uni/heterogeneous-faas/jmeter/test-plans/Create Functions.jmx
2023-03-22 22:32:04,737 INFO o.a.j.s.FileServer: Set new base='/Users/tom/Uni/heterogeneous-faas/jmeter/test-plans'
2023-03-22 22:32:04,738 INFO o.a.j.s.SaveService: Loading file: /Users/tom/Uni/heterogeneous-faas/jmeter/test-plans/Create Functions.jmx
2023-03-22 22:32:04,845 INFO o.a.j.v.ViewResultsFullVisualizer: Add JavaFX to your Java installation if you want to use renderer: org.apache.jmeter.visualizers.RenderInBrowser
2023-03-22 22:32:04,958 INFO o.a.j.s.FileServer: Set new base='/Users/tom/Uni/heterogeneous-faas/jmeter/test-plans'
2023-03-22 22:32:34,473 INFO o.a.j.g.a.v.TreeClonerForValidation: Running validation with number of threads:1, ignoreTimers:true, number of iterations:1
2023-03-22 22:32:34,476 INFO o.a.j.e.StandardJMeterEngine: Running the test!
2023-03-22 22:32:34,477 INFO o.a.j.s.SampleEvent: List of sample_variables: []
2023-03-22 22:32:34,480 INFO o.a.j.g.u.JMeterMenuBar: setRunning(true, *local*)
2023-03-22 22:32:34,592 INFO o.a.j.e.StandardJMeterEngine: Starting ThreadGroup: 1 : p00002
2023-03-22 22:32:34,592 INFO o.a.j.e.StandardJMeterEngine: Starting 1 threads for group p00002.
2023-03-22 22:32:34,592 INFO o.a.j.e.StandardJMeterEngine: Thread will continue on error
2023-03-22 22:32:34,592 INFO o.a.j.t.ThreadGroup: Starting thread group... number=1 threads=1 ramp-up=1 delayedStart=false
2023-03-22 22:32:34,593 INFO o.a.j.t.ThreadGroup: Started thread group number 1
2023-03-22 22:32:34,593 INFO o.a.j.e.StandardJMeterEngine: All thread groups have been started
2023-03-22 22:32:34,593 INFO o.a.j.t.JMeterThread: Thread started: p00002 1-1
2023-03-22 22:34:06,117 INFO o.a.j.t.JMeterThread: Thread is done: p00002 1-1
2023-03-22 22:34:06,118 INFO o.a.j.t.JMeterThread: Thread finished: p00002 1-1
2023-03-22 22:34:06,119 INFO o.a.j.e.StandardJMeterEngine: Notifying test listeners of end of test
2023-03-22 22:34:06,119 INFO o.a.j.g.u.JMeterMenuBar: setRunning(false, *local*)
2023-03-23 02:05:07,444 INFO o.a.j.e.StandardJMeterEngine: Running the test!
2023-03-23 02:05:07,451 INFO o.a.j.s.SampleEvent: List of sample_variables: []
2023-03-23 02:05:07,457 INFO o.a.j.g.u.JMeterMenuBar: setRunning(true, *local*)
2023-03-23 02:05:07,592 INFO o.a.j.e.StandardJMeterEngine: Starting ThreadGroup: 1 : p00002
2023-03-23 02:05:07,592 INFO o.a.j.e.StandardJMeterEngine: Starting 5 threads for group p00002.
2023-03-23 02:05:07,593 INFO o.a.j.e.StandardJMeterEngine: Thread will continue on error
2023-03-23 02:05:07,593 INFO o.a.j.t.ThreadGroup: Starting thread group... number=1 threads=5 ramp-up=1 delayedStart=false
2023-03-23 02:05:07,593 INFO o.a.j.t.JMeterThread: Thread started: p00002 1-1
2023-03-23 02:05:07,596 INFO o.a.j.t.ThreadGroup: Started thread group number 1
2023-03-23 02:05:07,596 INFO o.a.j.e.StandardJMeterEngine: All thread groups have been started
2023-03-23 02:05:07,607 INFO o.a.j.t.JMeterThread: Thread is done: p00002 1-1
2023-03-23 02:05:07,608 INFO o.a.j.t.JMeterThread: Thread finished: p00002 1-1
2023-03-23 02:05:07,800 INFO o.a.j.t.JMeterThread: Thread started: p00002 1-2
2023-03-23 02:05:07,808 INFO o.a.j.t.JMeterThread: Thread is done: p00002 1-2
2023-03-23 02:05:07,808 INFO o.a.j.t.JMeterThread: Thread finished: p00002 1-2
2023-03-23 02:05:08,000 INFO o.a.j.t.JMeterThread: Thread started: p00002 1-3
2023-03-23 02:05:08,008 INFO o.a.j.t.JMeterThread: Thread is done: p00002 1-3
2023-03-23 02:05:08,008 INFO o.a.j.t.JMeterThread: Thread finished: p00002 1-3
2023-03-23 02:05:08,199 INFO o.a.j.t.JMeterThread: Thread started: p00002 1-4
2023-03-23 02:05:08,216 INFO o.a.j.t.JMeterThread: Thread is done: p00002 1-4
2023-03-23 02:05:08,216 INFO o.a.j.t.JMeterThread: Thread finished: p00002 1-4
2023-03-23 02:05:08,399 INFO o.a.j.t.JMeterThread: Thread started: p00002 1-5
2023-03-23 02:05:08,405 INFO o.a.j.t.JMeterThread: Thread is done: p00002 1-5
2023-03-23 02:05:08,405 INFO o.a.j.t.JMeterThread: Thread finished: p00002 1-5
2023-03-23 02:05:08,405 INFO o.a.j.e.StandardJMeterEngine: Notifying test listeners of end of test
2023-03-23 02:05:08,405 INFO o.a.j.g.u.JMeterMenuBar: setRunning(false, *local*)
2023-03-23 02:05:17,998 INFO o.a.j.e.StandardJMeterEngine: Running the test!
2023-03-23 02:05:18,000 INFO o.a.j.s.SampleEvent: List of sample_variables: []
2023-03-23 02:05:18,008 INFO o.a.j.g.u.JMeterMenuBar: setRunning(true, *local*)
2023-03-23 02:05:18,065 INFO o.a.j.e.StandardJMeterEngine: Starting ThreadGroup: 1 : p00002
2023-03-23 02:05:18,066 INFO o.a.j.e.StandardJMeterEngine: Starting 5 threads for group p00002.
2023-03-23 02:05:18,066 INFO o.a.j.e.StandardJMeterEngine: Thread will continue on error
2023-03-23 02:05:18,066 INFO o.a.j.t.ThreadGroup: Starting thread group... number=1 threads=5 ramp-up=1 delayedStart=false
2023-03-23 02:05:18,069 INFO o.a.j.t.JMeterThread: Thread started: p00002 1-1
2023-03-23 02:05:18,074 INFO o.a.j.t.ThreadGroup: Started thread group number 1
2023-03-23 02:05:18,075 INFO o.a.j.e.StandardJMeterEngine: All thread groups have been started
2023-03-23 02:05:18,270 INFO o.a.j.t.JMeterThread: Thread started: p00002 1-2
2023-03-23 02:05:18,472 INFO o.a.j.t.JMeterThread: Thread started: p00002 1-3
2023-03-23 02:05:18,671 INFO o.a.j.t.JMeterThread: Thread started: p00002 1-4
2023-03-23 02:05:18,872 INFO o.a.j.t.JMeterThread: Thread started: p00002 1-5
2023-03-23 02:05:34,536 INFO o.a.j.t.JMeterThread: Thread is done: p00002 1-3
2023-03-23 02:05:34,537 INFO o.a.j.t.JMeterThread: Thread finished: p00002 1-3
2023-03-23 02:08:11,193 INFO o.a.j.t.JMeterThread: Thread is done: p00002 1-2
2023-03-23 02:08:11,195 INFO o.a.j.t.JMeterThread: Thread finished: p00002 1-2
2023-03-23 02:08:12,569 INFO o.a.j.t.JMeterThread: Thread is done: p00002 1-4
2023-03-23 02:08:12,569 INFO o.a.j.t.JMeterThread: Thread finished: p00002 1-4
2023-03-23 02:08:13,664 INFO o.a.j.t.JMeterThread: Thread is done: p00002 1-5
2023-03-23 02:08:13,664 INFO o.a.j.t.JMeterThread: Thread finished: p00002 1-5
2023-03-23 02:08:13,884 INFO o.a.j.t.JMeterThread: Thread is done: p00002 1-1
2023-03-23 02:08:13,884 INFO o.a.j.t.JMeterThread: Thread finished: p00002 1-1
2023-03-23 02:08:13,884 INFO o.a.j.e.StandardJMeterEngine: Notifying test listeners of end of test
2023-03-23 02:08:13,884 INFO o.a.j.g.u.JMeterMenuBar: setRunning(false, *local*)
